<?xml version="1.0" encoding="UTF-8"?>
<!-- Generated by org.testng.reporters.JUnitXMLReporter -->
<testsuite ignored="0" hostname="DESKTOP-FLSFRGS" failures="0" tests="5" name="Test" time="20.958" errors="0" timestamp="2022-06-09T20:31:59 ART">
  <testcase classname="prueba.ejercicio2" name="login" time="4.401"/>
  <testcase classname="prueba.ejercicio2" name="login" time="3.463"/>
  <testcase classname="prueba.ejercicio2" name="login" time="4.791"/>
  <testcase classname="prueba.ejercicio2" name="login" time="4.12"/>
  <testcase classname="prueba.ejercicio2" name="login" time="3.355"/>
</testsuite> <!-- Test -->
